<?xml version="1.0" encoding="UTF-8" standalone="yes"?><!DOCTYPE report PUBLIC "-//JACOCO//DTD Report 1.0//EN" "report.dtd"><report name="JaCoCoverage analysis (powered by JaCoCo from EclEmma)"><sessioninfo id="rafox-linux-1220867" start="1397349646793" dump="1397349648233"/><sessioninfo id="rafox-linux-a203a239" start="1397349649004" dump="1397349650453"/><sessioninfo id="rafox-linux-b5f2624f" start="1397349651244" dump="1397349652527"/><sessioninfo id="rafox-linux-a58dc8c" start="1397349653292" dump="1397349654511"/><sessioninfo id="rafox-linux-6accec41" start="1397349655273" dump="1397349656636"/><package name="dispersal/rabin"><class name="dispersal/rabin/RabinIDA"><method name="&lt;init&gt;" desc="(II)V" line="18"><counter type="INSTRUCTION" missed="0" covered="15"/><counter type="LINE" missed="0" covered="6"/><counter type="COMPLEXITY" missed="0" covered="1"/><counter type="METHOD" missed="0" covered="1"/></method><method name="generateVandermonde" desc="()[[I" line="37"><counter type="INSTRUCTION" missed="0" covered="44"/><counter type="BRANCH" missed="0" covered="4"/><counter type="LINE" missed="0" covered="6"/><counter type="COMPLEXITY" missed="0" covered="3"/><counter type="METHOD" missed="0" covered="1"/></method><method name="getVandermondeMatrix" desc="()[[I" line="54"><counter type="INSTRUCTION" missed="3" covered="6"/><counter type="BRANCH" missed="1" covered="1"/><counter type="LINE" missed="1" covered="2"/><counter type="COMPLEXITY" missed="1" covered="1"/><counter type="METHOD" missed="0" covered="1"/></method><method name="encodeEach" desc="([B)[B" line="69"><counter type="INSTRUCTION" missed="12" covered="20"/><counter type="BRANCH" missed="1" covered="1"/><counter type="LINE" missed="4" covered="5"/><counter type="COMPLEXITY" missed="1" covered="1"/><counter type="METHOD" missed="0" covered="1"/></method><method name="decodeEach" desc="([B)[B" line="89"><counter type="INSTRUCTION" missed="39" covered="0"/><counter type="LINE" missed="7" covered="0"/><counter type="COMPLEXITY" missed="1" covered="0"/><counter type="METHOD" missed="1" covered="0"/></method><method name="decodeEach" desc="([B[I)[B" line="110"><counter type="INSTRUCTION" missed="0" covered="30"/><counter type="LINE" missed="0" covered="7"/><counter type="COMPLEXITY" missed="0" covered="1"/><counter type="METHOD" missed="0" covered="1"/></method><method name="decodeEachEnough" desc="([B[I)[B" line="131"><counter type="INSTRUCTION" missed="26" covered="0"/><counter type="LINE" missed="6" covered="0"/><counter type="COMPLEXITY" missed="1" covered="0"/><counter type="METHOD" missed="1" covered="0"/></method><counter type="INSTRUCTION" missed="80" covered="115"/><counter type="BRANCH" missed="2" covered="6"/><counter type="LINE" missed="18" covered="26"/><counter type="COMPLEXITY" missed="4" covered="7"/><counter type="METHOD" missed="2" covered="5"/><counter type="CLASS" missed="0" covered="1"/></class><class name="dispersal/rabin/EncoderRabinIDA"><method name="&lt;init&gt;" desc="(IILjava/io/File;)V" line="35"><counter type="INSTRUCTION" missed="36" covered="21"/><counter type="BRANCH" missed="2" covered="0"/><counter type="LINE" missed="7" covered="7"/><counter type="COMPLEXITY" missed="1" covered="1"/><counter type="METHOD" missed="0" covered="1"/></method><method name="encode" desc="()V" line="59"><counter type="INSTRUCTION" missed="40" covered="10"/><counter type="BRANCH" missed="4" covered="0"/><counter type="LINE" missed="9" covered="4"/><counter type="COMPLEXITY" missed="2" covered="1"/><counter type="METHOD" missed="0" covered="1"/></method><method name="getWriteBufs" desc="()[Lorg/apache/commons/io/output/ByteArrayOutputStream;" line="84"><counter type="INSTRUCTION" missed="0" covered="3"/><counter type="LINE" missed="0" covered="1"/><counter type="COMPLEXITY" missed="0" covered="1"/><counter type="METHOD" missed="0" covered="1"/></method><counter type="INSTRUCTION" missed="76" covered="34"/><counter type="BRANCH" missed="6" covered="0"/><counter type="LINE" missed="16" covered="12"/><counter type="COMPLEXITY" missed="3" covered="3"/><counter type="METHOD" missed="0" covered="3"/><counter type="CLASS" missed="0" covered="1"/></class><class name="dispersal/rabin/DecoderRabinIDA"><method name="&lt;init&gt;" desc="(II[Ljava/io/File;)V" line="35"><counter type="INSTRUCTION" missed="31" covered="32"/><counter type="BRANCH" missed="2" covered="0"/><counter type="LINE" missed="4" covered="10"/><counter type="COMPLEXITY" missed="1" covered="1"/><counter type="METHOD" missed="0" covered="1"/></method><method name="getWriteBuffer" desc="()Lorg/apache/commons/io/output/ByteArrayOutputStream;" line="61"><counter type="INSTRUCTION" missed="3" covered="0"/><counter type="LINE" missed="1" covered="0"/><counter type="COMPLEXITY" missed="1" covered="0"/><counter type="METHOD" missed="1" covered="0"/></method><method name="&lt;init&gt;" desc="(II[Ljava/io/BufferedInputStream;)V" line="71"><counter type="INSTRUCTION" missed="30" covered="0"/><counter type="LINE" missed="10" covered="0"/><counter type="COMPLEXITY" missed="1" covered="0"/><counter type="METHOD" missed="1" covered="0"/></method><method name="readParts" desc="([B)I" line="93"><counter type="INSTRUCTION" missed="29" covered="9"/><counter type="BRANCH" missed="4" covered="0"/><counter type="LINE" missed="4" covered="4"/><counter type="COMPLEXITY" missed="2" covered="1"/><counter type="METHOD" missed="0" covered="1"/></method><method name="readPartsIndex" desc="()[I" line="113"><counter type="INSTRUCTION" missed="16" covered="9"/><counter type="BRANCH" missed="2" covered="0"/><counter type="LINE" missed="2" covered="4"/><counter type="COMPLEXITY" missed="1" covered="1"/><counter type="METHOD" missed="0" covered="1"/></method><method name="decode" desc="()V" line="130"><counter type="INSTRUCTION" missed="20" covered="14"/><counter type="BRANCH" missed="1" covered="1"/><counter type="LINE" missed="7" covered="5"/><counter type="COMPLEXITY" missed="1" covered="1"/><counter type="METHOD" missed="0" covered="1"/></method><counter type="INSTRUCTION" missed="129" covered="64"/><counter type="BRANCH" missed="9" covered="1"/><counter type="LINE" missed="28" covered="23"/><counter type="COMPLEXITY" missed="7" covered="4"/><counter type="METHOD" missed="2" covered="4"/><counter type="CLASS" missed="0" covered="1"/></class><sourcefile name="EncoderRabinIDA.java"><line nr="35" mi="0" ci="2" mb="0" cb="0"/><line nr="36" mi="0" ci="3" mb="0" cb="0"/><line nr="37" mi="0" ci="3" mb="0" cb="0"/><line nr="38" mi="0" ci="7" mb="0" cb="0"/><line nr="40" mi="5" ci="0" mb="0" cb="0"/><line nr="41" mi="6" ci="0" mb="0" cb="0"/><line nr="42" mi="4" ci="0" mb="0" cb="0"/><line nr="43" mi="7" ci="0" mb="2" cb="0"/><line nr="44" mi="7" ci="0" mb="0" cb="0"/><line nr="45" mi="6" ci="0" mb="0" cb="0"/><line nr="47" mi="0" ci="1" mb="0" cb="0"/><line nr="48" mi="0" ci="4" mb="0" cb="0"/><line nr="49" mi="1" ci="0" mb="0" cb="0"/><line nr="50" mi="0" ci="1" mb="0" cb="0"/><line nr="59" mi="0" ci="4" mb="0" cb="0"/><line nr="60" mi="9" ci="0" mb="2" cb="0"/><line nr="61" mi="2" ci="0" mb="0" cb="0"/><line nr="62" mi="5" ci="0" mb="0" cb="0"/><line nr="63" mi="2" ci="0" mb="0" cb="0"/><line nr="64" mi="8" ci="0" mb="2" cb="0"/><line nr="65" mi="8" ci="0" mb="0" cb="0"/><line nr="67" mi="4" ci="0" mb="0" cb="0"/><line nr="68" mi="1" ci="0" mb="0" cb="0"/><line nr="71" mi="0" ci="1" mb="0" cb="0"/><line nr="72" mi="0" ci="4" mb="0" cb="0"/><line nr="73" mi="1" ci="0" mb="0" cb="0"/><line nr="75" mi="0" ci="1" mb="0" cb="0"/><line nr="84" mi="0" ci="3" mb="0" cb="0"/><counter type="INSTRUCTION" missed="76" covered="34"/><counter type="BRANCH" missed="6" covered="0"/><counter type="LINE" missed="16" covered="12"/><counter type="COMPLEXITY" missed="3" covered="3"/><counter type="METHOD" missed="0" covered="3"/><counter type="CLASS" missed="0" covered="1"/></sourcefile><sourcefile name="RabinIDA.java"><line nr="18" mi="0" ci="3" mb="0" cb="0"/><line nr="24" mi="0" ci="2" mb="0" cb="0"/><line nr="25" mi="0" ci="3" mb="0" cb="0"/><line nr="26" mi="0" ci="3" mb="0" cb="0"/><line nr="27" mi="0" ci="3" mb="0" cb="0"/><line nr="29" mi="0" ci="1" mb="0" cb="0"/><line nr="37" mi="0" ci="7" mb="0" cb="0"/><line nr="38" mi="0" ci="8" mb="0" cb="2"/><line nr="39" mi="0" ci="8" mb="0" cb="2"/><line nr="40" mi="0" ci="13" mb="0" cb="0"/><line nr="43" mi="0" ci="5" mb="0" cb="0"/><line nr="44" mi="0" ci="3" mb="0" cb="0"/><line nr="54" mi="0" ci="3" mb="1" cb="1"/><line nr="55" mi="3" ci="0" mb="0" cb="0"/><line nr="58" mi="0" ci="3" mb="0" cb="0"/><line nr="69" mi="0" ci="5" mb="1" cb="1"/><line nr="70" mi="5" ci="0" mb="0" cb="0"/><line nr="72" mi="0" ci="3" mb="0" cb="0"/><line nr="73" mi="0" ci="7" mb="0" cb="0"/><line nr="74" mi="0" ci="3" mb="0" cb="0"/><line nr="75" mi="0" ci="2" mb="0" cb="0"/><line nr="76" mi="1" ci="0" mb="0" cb="0"/><line nr="77" mi="4" ci="0" mb="0" cb="0"/><line nr="79" mi="2" ci="0" mb="0" cb="0"/><line nr="89" mi="3" ci="0" mb="0" cb="0"/><line nr="92" mi="10" ci="0" mb="0" cb="0"/><line nr="93" mi="7" ci="0" mb="0" cb="0"/><line nr="94" mi="8" ci="0" mb="0" cb="0"/><line nr="95" mi="6" ci="0" mb="0" cb="0"/><line nr="97" mi="3" ci="0" mb="0" cb="0"/><line nr="98" mi="2" ci="0" mb="0" cb="0"/><line nr="110" mi="0" ci="3" mb="0" cb="0"/><line nr="113" mi="0" ci="5" mb="0" cb="0"/><line nr="114" mi="0" ci="7" mb="0" cb="0"/><line nr="115" mi="0" ci="4" mb="0" cb="0"/><line nr="116" mi="0" ci="6" mb="0" cb="0"/><line nr="118" mi="0" ci="3" mb="0" cb="0"/><line nr="119" mi="0" ci="2" mb="0" cb="0"/><line nr="131" mi="3" ci="0" mb="0" cb="0"/><line nr="134" mi="5" ci="0" mb="0" cb="0"/><line nr="135" mi="7" ci="0" mb="0" cb="0"/><line nr="136" mi="6" ci="0" mb="0" cb="0"/><line nr="138" mi="3" ci="0" mb="0" cb="0"/><line nr="139" mi="2" ci="0" mb="0" cb="0"/><counter type="INSTRUCTION" missed="80" covered="115"/><counter type="BRANCH" missed="2" covered="6"/><counter type="LINE" missed="18" covered="26"/><counter type="COMPLEXITY" missed="4" covered="7"/><counter type="METHOD" missed="2" covered="5"/><counter type="CLASS" missed="0" covered="1"/></sourcefile><sourcefile name="DecoderRabinIDA.java"><line nr="35" mi="0" ci="2" mb="0" cb="0"/><line nr="36" mi="0" ci="3" mb="0" cb="0"/><line nr="37" mi="0" ci="3" mb="0" cb="0"/><line nr="38" mi="0" ci="7" mb="0" cb="0"/><line nr="40" mi="0" ci="4" mb="0" cb="0"/><line nr="41" mi="0" ci="5" mb="0" cb="0"/><line nr="43" mi="6" ci="2" mb="2" cb="0"/><line nr="44" mi="9" ci="0" mb="0" cb="0"/><line nr="45" mi="10" ci="0" mb="0" cb="0"/><line nr="48" mi="5" ci="0" mb="0" cb="0"/><line nr="49" mi="0" ci="1" mb="0" cb="0"/><line nr="50" mi="0" ci="4" mb="0" cb="0"/><line nr="51" mi="1" ci="0" mb="0" cb="0"/><line nr="52" mi="0" ci="1" mb="0" cb="0"/><line nr="61" mi="3" ci="0" mb="0" cb="0"/><line nr="71" mi="2" ci="0" mb="0" cb="0"/><line nr="72" mi="3" ci="0" mb="0" cb="0"/><line nr="73" mi="3" ci="0" mb="0" cb="0"/><line nr="74" mi="7" ci="0" mb="0" cb="0"/><line nr="76" mi="3" ci="0" mb="0" cb="0"/><line nr="77" mi="5" ci="0" mb="0" cb="0"/><line nr="78" mi="1" ci="0" mb="0" cb="0"/><line nr="79" mi="4" ci="0" mb="0" cb="0"/><line nr="80" mi="1" ci="0" mb="0" cb="0"/><line nr="81" mi="1" ci="0" mb="0" cb="0"/><line nr="93" mi="0" ci="4" mb="0" cb="0"/><line nr="94" mi="6" ci="2" mb="2" cb="0"/><line nr="95" mi="10" ci="0" mb="2" cb="0"/><line nr="96" mi="4" ci="0" mb="0" cb="0"/><line nr="99" mi="7" ci="0" mb="0" cb="0"/><line nr="100" mi="2" ci="0" mb="0" cb="0"/><line nr="101" mi="0" ci="1" mb="0" cb="0"/><line nr="102" mi="0" ci="2" mb="0" cb="0"/><line nr="113" mi="0" ci="4" mb="0" cb="0"/><line nr="114" mi="6" ci="2" mb="2" cb="0"/><line nr="115" mi="8" ci="0" mb="0" cb="0"/><line nr="117" mi="2" ci="0" mb="0" cb="0"/><line nr="118" mi="0" ci="1" mb="0" cb="0"/><line nr="119" mi="0" ci="2" mb="0" cb="0"/><line nr="130" mi="0" ci="4" mb="0" cb="0"/><line nr="131" mi="0" ci="3" mb="0" cb="0"/><line nr="132" mi="0" ci="5" mb="1" cb="1"/><line nr="133" mi="2" ci="0" mb="0" cb="0"/><line nr="134" mi="6" ci="0" mb="0" cb="0"/><line nr="135" mi="2" ci="0" mb="0" cb="0"/><line nr="136" mi="4" ci="0" mb="0" cb="0"/><line nr="137" mi="1" ci="0" mb="0" cb="0"/><line nr="138" mi="1" ci="0" mb="0" cb="0"/><line nr="139" mi="4" ci="0" mb="0" cb="0"/><line nr="140" mi="0" ci="1" mb="0" cb="0"/><line nr="141" mi="0" ci="1" mb="0" cb="0"/><counter type="INSTRUCTION" missed="129" covered="64"/><counter type="BRANCH" missed="9" covered="1"/><counter type="LINE" missed="28" covered="23"/><counter type="COMPLEXITY" missed="7" covered="4"/><counter type="METHOD" missed="2" covered="4"/><counter type="CLASS" missed="0" covered="1"/></sourcefile><counter type="INSTRUCTION" missed="285" covered="213"/><counter type="BRANCH" missed="17" covered="7"/><counter type="LINE" missed="62" covered="61"/><counter type="COMPLEXITY" missed="14" covered="14"/><counter type="METHOD" missed="4" covered="12"/><counter type="CLASS" missed="0" covered="3"/></package><package name="core"><class name="core/Safestore"><method name="&lt;init&gt;" desc="()V" line="21"><counter type="INSTRUCTION" missed="3" covered="0"/><counter type="LINE" missed="1" covered="0"/><counter type="COMPLEXITY" missed="1" covered="0"/><counter type="METHOD" missed="1" covered="0"/></method><method name="main" desc="([Ljava/lang/String;)V" line="27"><counter type="INSTRUCTION" missed="319" covered="0"/><counter type="BRANCH" missed="12" covered="0"/><counter type="LINE" missed="54" covered="0"/><counter type="COMPLEXITY" missed="7" covered="0"/><counter type="METHOD" missed="1" covered="0"/></method><counter type="INSTRUCTION" missed="322" covered="0"/><counter type="BRANCH" missed="12" covered="0"/><counter type="LINE" missed="55" covered="0"/><counter type="COMPLEXITY" missed="8" covered="0"/><counter type="METHOD" missed="2" covered="0"/><counter type="CLASS" missed="1" covered="0"/></class><sourcefile name="Safestore.java"><line nr="21" mi="3" ci="0" mb="0" cb="0"/><line nr="27" mi="5" ci="0" mb="0" cb="0"/><line nr="28" mi="5" ci="0" mb="0" cb="0"/><line nr="29" mi="4" ci="0" mb="0" cb="0"/><line nr="30" mi="5" ci="0" mb="0" cb="0"/><line nr="31" mi="6" ci="0" mb="0" cb="0"/><line nr="32" mi="4" ci="0" mb="0" cb="0"/><line nr="36" mi="6" ci="0" mb="2" cb="0"/><line nr="37" mi="7" ci="0" mb="0" cb="0"/><line nr="38" mi="2" ci="0" mb="0" cb="0"/><line nr="39" mi="3" ci="0" mb="0" cb="0"/><line nr="40" mi="9" ci="0" mb="0" cb="0"/><line nr="42" mi="3" ci="0" mb="0" cb="0"/><line nr="44" mi="7" ci="0" mb="2" cb="0"/><line nr="46" mi="16" ci="0" mb="0" cb="0"/><line nr="47" mi="5" ci="0" mb="0" cb="0"/><line nr="48" mi="2" ci="0" mb="0" cb="0"/><line nr="49" mi="1" ci="0" mb="0" cb="0"/><line nr="50" mi="1" ci="0" mb="0" cb="0"/><line nr="54" mi="7" ci="0" mb="2" cb="0"/><line nr="56" mi="15" ci="0" mb="0" cb="0"/><line nr="57" mi="1" ci="0" mb="0" cb="0"/><line nr="58" mi="1" ci="0" mb="0" cb="0"/><line nr="62" mi="7" ci="0" mb="0" cb="0"/><line nr="63" mi="2" ci="0" mb="0" cb="0"/><line nr="66" mi="17" ci="0" mb="0" cb="0"/><line nr="67" mi="4" ci="0" mb="0" cb="0"/><line nr="68" mi="1" ci="0" mb="0" cb="0"/><line nr="69" mi="1" ci="0" mb="0" cb="0"/><line nr="71" mi="22" ci="0" mb="0" cb="0"/><line nr="74" mi="7" ci="0" mb="2" cb="0"/><line nr="75" mi="8" ci="0" mb="0" cb="0"/><line nr="76" mi="7" ci="0" mb="0" cb="0"/><line nr="77" mi="2" ci="0" mb="0" cb="0"/><line nr="78" mi="3" ci="0" mb="0" cb="0"/><line nr="79" mi="9" ci="0" mb="0" cb="0"/><line nr="80" mi="3" ci="0" mb="0" cb="0"/><line nr="82" mi="7" ci="0" mb="2" cb="0"/><line nr="84" mi="16" ci="0" mb="0" cb="0"/><line nr="85" mi="5" ci="0" mb="0" cb="0"/><line nr="86" mi="2" ci="0" mb="0" cb="0"/><line nr="87" mi="1" ci="0" mb="0" cb="0"/><line nr="88" mi="1" ci="0" mb="0" cb="0"/><line nr="91" mi="7" ci="0" mb="2" cb="0"/><line nr="93" mi="15" ci="0" mb="0" cb="0"/><line nr="94" mi="1" ci="0" mb="0" cb="0"/><line nr="95" mi="1" ci="0" mb="0" cb="0"/><line nr="100" mi="7" ci="0" mb="0" cb="0"/><line nr="101" mi="2" ci="0" mb="0" cb="0"/><line nr="104" mi="17" ci="0" mb="0" cb="0"/><line nr="105" mi="4" ci="0" mb="0" cb="0"/><line nr="106" mi="1" ci="0" mb="0" cb="0"/><line nr="107" mi="1" ci="0" mb="0" cb="0"/><line nr="109" mi="22" ci="0" mb="0" cb="0"/><line nr="111" mi="1" ci="0" mb="0" cb="0"/><counter type="INSTRUCTION" missed="322" covered="0"/><counter type="BRANCH" missed="12" covered="0"/><counter type="LINE" missed="55" covered="0"/><counter type="COMPLEXITY" missed="8" covered="0"/><counter type="METHOD" missed="2" covered="0"/><counter type="CLASS" missed="1" covered="0"/></sourcefile><counter type="INSTRUCTION" missed="322" covered="0"/><counter type="BRANCH" missed="12" covered="0"/><counter type="LINE" missed="55" covered="0"/><counter type="COMPLEXITY" missed="8" covered="0"/><counter type="METHOD" missed="2" covered="0"/><counter type="CLASS" missed="1" covered="0"/></package><package name="dispersal/reedsolomon"><class name="dispersal/reedsolomon/GaloisDM"><method name="&lt;init&gt;" desc="()V" line="15"><counter type="INSTRUCTION" missed="5" covered="0"/><counter type="LINE" missed="2" covered="0"/><counter type="COMPLEXITY" missed="1" covered="0"/><counter type="METHOD" missed="1" covered="0"/></method><method name="getInstance" desc="()Ldispersal/reedsolomon/Galois;" line="19"><counter type="INSTRUCTION" missed="2" covered="0"/><counter type="LINE" missed="1" covered="0"/><counter type="COMPLEXITY" missed="1" covered="0"/><counter type="METHOD" missed="1" covered="0"/></method><method name="&lt;clinit&gt;" desc="()V" line="12"><counter type="INSTRUCTION" missed="5" covered="0"/><counter type="LINE" missed="1" covered="0"/><counter type="COMPLEXITY" missed="1" covered="0"/><counter type="METHOD" missed="1" covered="0"/></method><counter type="INSTRUCTION" missed="12" covered="0"/><counter type="LINE" missed="4" covered="0"/><counter type="COMPLEXITY" missed="3" covered="0"/><counter type="METHOD" missed="3" covered="0"/><counter type="CLASS" missed="1" covered="0"/></class><class name="dispersal/reedsolomon/RsEncode"><method name="&lt;init&gt;" desc="(Ldispersal/reedsolomon/Galois;I)V" line="14"><counter type="INSTRUCTION" missed="24" covered="0"/><counter type="BRANCH" missed="4" covered="0"/><counter type="LINE" missed="7" covered="0"/><counter type="COMPLEXITY" missed="3" covered="0"/><counter type="METHOD" missed="1" covered="0"/></method><method name="&lt;init&gt;" desc="(I)V" line="23"><counter type="INSTRUCTION" missed="5" covered="20"/><counter type="BRANCH" missed="2" covered="2"/><counter type="LINE" missed="1" covered="6"/><counter type="COMPLEXITY" missed="2" covered="1"/><counter type="METHOD" missed="0" covered="1"/></method><method name="encode" desc="([II[II)I" line="33"><counter type="INSTRUCTION" missed="12" covered="84"/><counter type="BRANCH" missed="3" covered="7"/><counter type="LINE" missed="1" covered="11"/><counter type="COMPLEXITY" missed="3" covered="3"/><counter type="METHOD" missed="0" covered="1"/></method><method name="encode" desc="([II[I)I" line="53"><counter type="INSTRUCTION" missed="7" covered="0"/><counter type="LINE" missed="1" covered="0"/><counter type="COMPLEXITY" missed="1" covered="0"/><counter type="METHOD" missed="1" covered="0"/></method><method name="encode" desc="([I[I)I" line="57"><counter type="INSTRUCTION" missed="8" covered="0"/><counter type="LINE" missed="1" covered="0"/><counter type="COMPLEXITY" missed="1" covered="0"/><counter type="METHOD" missed="1" covered="0"/></method><method name="encode" desc="([II)I" line="61"><counter type="INSTRUCTION" missed="0" covered="7"/><counter type="LINE" missed="0" covered="1"/><counter type="COMPLEXITY" missed="0" covered="1"/><counter type="METHOD" missed="0" covered="1"/></method><method name="encode" desc="([I)I" line="65"><counter type="INSTRUCTION" missed="0" covered="9"/><counter type="LINE" missed="0" covered="1"/><counter type="COMPLEXITY" missed="0" covered="1"/><counter type="METHOD" missed="0" covered="1"/></method><counter type="INSTRUCTION" missed="56" covered="120"/><counter type="BRANCH" missed="9" covered="9"/><counter type="LINE" missed="11" covered="19"/><counter type="COMPLEXITY" missed="10" covered="6"/><counter type="METHOD" missed="3" covered="4"/><counter type="CLASS" missed="0" covered="1"/></class><class name="dispersal/reedsolomon/DecoderRS"><method name="&lt;init&gt;" desc="(II[Ljava/io/File;)V" line="29"><counter type="INSTRUCTION" missed="5" covered="65"/><counter type="BRANCH" missed="0" covered="2"/><counter type="LINE" missed="2" covered="13"/><counter type="COMPLEXITY" missed="0" covered="2"/><counter type="METHOD" missed="0" covered="1"/></method><method name="getWriteBuffer" desc="()Lorg/apache/commons/io/output/ByteArrayOutputStream;" line="52"><counter type="INSTRUCTION" missed="0" covered="3"/><counter type="LINE" missed="0" covered="1"/><counter type="COMPLEXITY" missed="0" covered="1"/><counter type="METHOD" missed="0" covered="1"/></method><method name="readParts" desc="([B)I" line="57"><counter type="INSTRUCTION" missed="11" covered="33"/><counter type="BRANCH" missed="2" covered="2"/><counter type="LINE" missed="2" covered="6"/><counter type="COMPLEXITY" missed="2" covered="1"/><counter type="METHOD" missed="0" covered="1"/></method><method name="readPartsIndex" desc="()[I" line="72"><counter type="INSTRUCTION" missed="3" covered="28"/><counter type="BRANCH" missed="0" covered="2"/><counter type="LINE" missed="2" covered="4"/><counter type="COMPLEXITY" missed="0" covered="2"/><counter type="METHOD" missed="0" covered="1"/></method><method name="decode" desc="()V" line="85"><counter type="INSTRUCTION" missed="88" covered="24"/><counter type="BRANCH" missed="9" covered="1"/><counter type="LINE" missed="18" covered="6"/><counter type="COMPLEXITY" missed="5" covered="1"/><counter type="METHOD" missed="0" covered="1"/></method><counter type="INSTRUCTION" missed="107" covered="153"/><counter type="BRANCH" missed="11" covered="7"/><counter type="LINE" missed="24" covered="30"/><counter type="COMPLEXITY" missed="7" covered="7"/><counter type="METHOD" missed="0" covered="5"/><counter type="CLASS" missed="0" covered="1"/></class><class name="dispersal/reedsolomon/Galois"><method name="&lt;init&gt;" desc="(II)V" line="12"><counter type="INSTRUCTION" missed="0" covered="19"/><counter type="LINE" missed="0" covered="7"/><counter type="COMPLEXITY" missed="0" covered="1"/><counter type="METHOD" missed="0" covered="1"/></method><method name="initGaloisTable" desc="()V" line="22"><counter type="INSTRUCTION" missed="0" covered="42"/><counter type="BRANCH" missed="0" covered="4"/><counter type="LINE" missed="0" covered="8"/><counter type="COMPLEXITY" missed="0" covered="3"/><counter type="METHOD" missed="0" covered="1"/></method><method name="toExp" desc="(I)I" line="34"><counter type="INSTRUCTION" missed="0" covered="5"/><counter type="LINE" missed="0" covered="1"/><counter type="COMPLEXITY" missed="0" covered="1"/><counter type="METHOD" missed="0" covered="1"/></method><method name="toLog" desc="(I)I" line="38"><counter type="INSTRUCTION" missed="0" covered="5"/><counter type="LINE" missed="0" covered="1"/><counter type="COMPLEXITY" missed="0" covered="1"/><counter type="METHOD" missed="0" covered="1"/></method><method name="toPos" desc="(II)I" line="42"><counter type="INSTRUCTION" missed="0" covered="9"/><counter type="LINE" missed="0" covered="1"/><counter type="COMPLEXITY" missed="0" covered="1"/><counter type="METHOD" missed="0" covered="1"/></method><method name="mul" desc="(II)I" line="46"><counter type="INSTRUCTION" missed="0" covered="19"/><counter type="BRANCH" missed="1" covered="3"/><counter type="LINE" missed="0" covered="1"/><counter type="COMPLEXITY" missed="1" covered="2"/><counter type="METHOD" missed="0" covered="1"/></method><method name="mulExp" desc="(II)I" line="50"><counter type="INSTRUCTION" missed="0" covered="14"/><counter type="BRANCH" missed="0" covered="2"/><counter type="LINE" missed="0" covered="1"/><counter type="COMPLEXITY" missed="0" covered="2"/><counter type="METHOD" missed="0" covered="1"/></method><method name="div" desc="(II)I" line="54"><counter type="INSTRUCTION" missed="2" covered="17"/><counter type="BRANCH" missed="1" covered="1"/><counter type="LINE" missed="0" covered="1"/><counter type="COMPLEXITY" missed="1" covered="1"/><counter type="METHOD" missed="0" covered="1"/></method><method name="divExp" desc="(II)I" line="58"><counter type="INSTRUCTION" missed="0" covered="16"/><counter type="BRANCH" missed="0" covered="2"/><counter type="LINE" missed="0" covered="1"/><counter type="COMPLEXITY" missed="0" covered="2"/><counter type="METHOD" missed="0" covered="1"/></method><method name="inv" desc="(I)I" line="62"><counter type="INSTRUCTION" missed="10" covered="0"/><counter type="LINE" missed="1" covered="0"/><counter type="COMPLEXITY" missed="1" covered="0"/><counter type="METHOD" missed="1" covered="0"/></method><method name="mulPoly" desc="([I[II)[I" line="66"><counter type="INSTRUCTION" missed="0" covered="65"/><counter type="BRANCH" missed="2" covered="6"/><counter type="LINE" missed="0" covered="10"/><counter type="COMPLEXITY" missed="2" covered="3"/><counter type="METHOD" missed="0" covered="1"/></method><method name="calcSyndrome" desc="([II[I)Z" line="83"><counter type="INSTRUCTION" missed="2" covered="53"/><counter type="BRANCH" missed="1" covered="7"/><counter type="LINE" missed="0" covered="10"/><counter type="COMPLEXITY" missed="1" covered="4"/><counter type="METHOD" missed="0" covered="1"/></method><method name="makeEncodeGx" desc="(I)[I" line="99"><counter type="INSTRUCTION" missed="0" covered="63"/><counter type="BRANCH" missed="0" covered="4"/><counter type="LINE" missed="0" covered="8"/><counter type="COMPLEXITY" missed="0" covered="3"/><counter type="METHOD" missed="0" covered="1"/></method><method name="calcOmegaValue" desc="([II)I" line="112"><counter type="INSTRUCTION" missed="10" covered="34"/><counter type="BRANCH" missed="1" covered="3"/><counter type="LINE" missed="1" covered="7"/><counter type="COMPLEXITY" missed="1" covered="2"/><counter type="METHOD" missed="0" covered="1"/></method><method name="calcSigmaDashValue" desc="([II)I" line="125"><counter type="INSTRUCTION" missed="17" covered="24"/><counter type="BRANCH" missed="1" covered="1"/><counter type="LINE" missed="2" covered="6"/><counter type="COMPLEXITY" missed="1" covered="1"/><counter type="METHOD" missed="0" covered="1"/></method><counter type="INSTRUCTION" missed="41" covered="385"/><counter type="BRANCH" missed="7" covered="33"/><counter type="LINE" missed="4" covered="63"/><counter type="COMPLEXITY" missed="8" covered="27"/><counter type="METHOD" missed="1" covered="14"/><counter type="CLASS" missed="0" covered="1"/></class><class name="dispersal/reedsolomon/RsDecode"><method name="&lt;init&gt;" desc="(Ldispersal/reedsolomon/Galois;I)V" line="11"><counter type="INSTRUCTION" missed="22" covered="0"/><counter type="BRANCH" missed="4" covered="0"/><counter type="LINE" missed="7" covered="0"/><counter type="COMPLEXITY" missed="3" covered="0"/><counter type="METHOD" missed="1" covered="0"/></method><method name="&lt;init&gt;" desc="(I)V" line="11"><counter type="INSTRUCTION" missed="5" covered="17"/><counter type="BRANCH" missed="2" covered="2"/><counter type="LINE" missed="1" covered="6"/><counter type="COMPLEXITY" missed="2" covered="1"/><counter type="METHOD" missed="0" covered="1"/></method><method name="calcSigmaMBM" desc="([I)[I" line="42"><counter type="INSTRUCTION" missed="2" covered="161"/><counter type="BRANCH" missed="2" covered="12"/><counter type="LINE" missed="1" covered="33"/><counter type="COMPLEXITY" missed="2" covered="6"/><counter type="METHOD" missed="0" covered="1"/></method><method name="chienSearch" desc="(IIII)[I" line="87"><counter type="INSTRUCTION" missed="4" covered="45"/><counter type="BRANCH" missed="3" covered="5"/><counter type="LINE" missed="2" covered="7"/><counter type="COMPLEXITY" missed="3" covered="2"/><counter type="METHOD" missed="0" covered="1"/></method><method name="chienSearch" desc="(I[I)[I" line="113"><counter type="INSTRUCTION" missed="113" covered="26"/><counter type="BRANCH" missed="14" covered="2"/><counter type="LINE" missed="22" covered="6"/><counter type="COMPLEXITY" missed="8" covered="1"/><counter type="METHOD" missed="0" covered="1"/></method><method name="doForney" desc="([II[I[I[I)V" line="165"><counter type="INSTRUCTION" missed="0" covered="55"/><counter type="BRANCH" missed="0" covered="2"/><counter type="LINE" missed="0" covered="6"/><counter type="COMPLEXITY" missed="0" covered="2"/><counter type="METHOD" missed="0" covered="1"/></method><method name="decode" desc="([IIZ)I" line="188"><counter type="INSTRUCTION" missed="18" covered="55"/><counter type="BRANCH" missed="6" covered="6"/><counter type="LINE" missed="4" covered="11"/><counter type="COMPLEXITY" missed="6" covered="1"/><counter type="METHOD" missed="0" covered="1"/></method><method name="decode" desc="([II)I" line="214"><counter type="INSTRUCTION" missed="6" covered="0"/><counter type="LINE" missed="1" covered="0"/><counter type="COMPLEXITY" missed="1" covered="0"/><counter type="METHOD" missed="1" covered="0"/></method><method name="decode" desc="([IZ)I" line="218"><counter type="INSTRUCTION" missed="7" covered="0"/><counter type="LINE" missed="1" covered="0"/><counter type="COMPLEXITY" missed="1" covered="0"/><counter type="METHOD" missed="1" covered="0"/></method><method name="decode" desc="([I)I" line="222"><counter type="INSTRUCTION" missed="0" covered="7"/><counter type="LINE" missed="0" covered="1"/><counter type="COMPLEXITY" missed="0" covered="1"/><counter type="METHOD" missed="0" covered="1"/></method><counter type="INSTRUCTION" missed="177" covered="366"/><counter type="BRANCH" missed="31" covered="29"/><counter type="LINE" missed="38" covered="70"/><counter type="COMPLEXITY" missed="26" covered="14"/><counter type="METHOD" missed="3" covered="7"/><counter type="CLASS" missed="0" covered="1"/></class><class name="dispersal/reedsolomon/GaloisQR"><method name="&lt;init&gt;" desc="()V" line="15"><counter type="INSTRUCTION" missed="0" covered="5"/><counter type="LINE" missed="0" covered="2"/><counter type="COMPLEXITY" missed="0" covered="1"/><counter type="METHOD" missed="0" covered="1"/></method><method name="getInstance" desc="()Ldispersal/reedsolomon/Galois;" line="19"><counter type="INSTRUCTION" missed="0" covered="2"/><counter type="LINE" missed="0" covered="1"/><counter type="COMPLEXITY" missed="0" covered="1"/><counter type="METHOD" missed="0" covered="1"/></method><method name="&lt;clinit&gt;" desc="()V" line="12"><counter type="INSTRUCTION" missed="0" covered="5"/><counter type="LINE" missed="0" covered="1"/><counter type="COMPLEXITY" missed="0" covered="1"/><counter type="METHOD" missed="0" covered="1"/></method><counter type="INSTRUCTION" missed="0" covered="12"/><counter type="LINE" missed="0" covered="4"/><counter type="COMPLEXITY" missed="0" covered="3"/><counter type="METHOD" missed="0" covered="3"/><counter type="CLASS" missed="0" covered="1"/></class><class name="dispersal/reedsolomon/EncoderRS"><method name="&lt;init&gt;" desc="(IILjava/io/File;)V" line="30"><counter type="INSTRUCTION" missed="42" covered="28"/><counter type="BRANCH" missed="2" covered="0"/><counter type="LINE" missed="7" covered="8"/><counter type="COMPLEXITY" missed="1" covered="1"/><counter type="METHOD" missed="0" covered="1"/></method><method name="encode" desc="()V" line="58"><counter type="INSTRUCTION" missed="56" covered="17"/><counter type="BRANCH" missed="4" covered="0"/><counter type="LINE" missed="12" covered="5"/><counter type="COMPLEXITY" missed="2" covered="1"/><counter type="METHOD" missed="0" covered="1"/></method><method name="getWriteBufs" desc="()[Lorg/apache/commons/io/output/ByteArrayOutputStream;" line="82"><counter type="INSTRUCTION" missed="0" covered="3"/><counter type="LINE" missed="0" covered="1"/><counter type="COMPLEXITY" missed="0" covered="1"/><counter type="METHOD" missed="0" covered="1"/></method><counter type="INSTRUCTION" missed="98" covered="48"/><counter type="BRANCH" missed="6" covered="0"/><counter type="LINE" missed="19" covered="14"/><counter type="COMPLEXITY" missed="3" covered="3"/><counter type="METHOD" missed="0" covered="3"/><counter type="CLASS" missed="0" covered="1"/></class><sourcefile name="DecoderRS.java"><line nr="29" mi="0" ci="2" mb="0" cb="0"/><line nr="30" mi="0" ci="3" mb="0" cb="0"/><line nr="31" mi="0" ci="3" mb="0" cb="0"/><line nr="32" mi="0" ci="7" mb="0" cb="0"/><line nr="33" mi="0" ci="7" mb="0" cb="0"/><line nr="36" mi="0" ci="4" mb="0" cb="0"/><line nr="37" mi="0" ci="5" mb="0" cb="0"/><line nr="39" mi="0" ci="8" mb="0" cb="2"/><line nr="40" mi="0" ci="9" mb="0" cb="0"/><line nr="41" mi="0" ci="10" mb="0" cb="0"/><line nr="44" mi="0" ci="5" mb="0" cb="0"/><line nr="45" mi="1" ci="0" mb="0" cb="0"/><line nr="46" mi="4" ci="0" mb="0" cb="0"/><line nr="47" mi="0" ci="1" mb="0" cb="0"/><line nr="48" mi="0" ci="1" mb="0" cb="0"/><line nr="52" mi="0" ci="3" mb="0" cb="0"/><line nr="57" mi="0" ci="7" mb="0" cb="0"/><line nr="58" mi="2" ci="9" mb="1" cb="1"/><line nr="59" mi="0" ci="10" mb="1" cb="1"/><line nr="60" mi="0" ci="4" mb="0" cb="0"/><line nr="63" mi="7" ci="0" mb="0" cb="0"/><line nr="64" mi="2" ci="0" mb="0" cb="0"/><line nr="65" mi="0" ci="1" mb="0" cb="0"/><line nr="66" mi="0" ci="2" mb="0" cb="0"/><line nr="72" mi="0" ci="7" mb="0" cb="0"/><line nr="73" mi="0" ci="11" mb="0" cb="2"/><line nr="74" mi="0" ci="8" mb="0" cb="0"/><line nr="76" mi="0" ci="2" mb="0" cb="0"/><line nr="77" mi="1" ci="0" mb="0" cb="0"/><line nr="78" mi="2" ci="0" mb="0" cb="0"/><line nr="85" mi="0" ci="7" mb="0" cb="0"/><line nr="86" mi="0" ci="7" mb="0" cb="0"/><line nr="87" mi="0" ci="3" mb="0" cb="0"/><line nr="89" mi="0" ci="5" mb="1" cb="1"/><line nr="90" mi="2" ci="0" mb="0" cb="0"/><line nr="91" mi="11" ci="0" mb="2" cb="0"/><line nr="93" mi="5" ci="0" mb="2" cb="0"/><line nr="94" mi="8" ci="0" mb="0" cb="0"/><line nr="95" mi="8" ci="0" mb="2" cb="0"/><line nr="97" mi="4" ci="0" mb="0" cb="0"/><line nr="100" mi="3" ci="0" mb="0" cb="0"/><line nr="101" mi="2" ci="0" mb="0" cb="0"/><line nr="102" mi="5" ci="0" mb="0" cb="0"/><line nr="103" mi="2" ci="0" mb="0" cb="0"/><line nr="104" mi="4" ci="0" mb="0" cb="0"/><line nr="105" mi="12" ci="0" mb="2" cb="0"/><line nr="106" mi="4" ci="0" mb="0" cb="0"/><line nr="107" mi="5" ci="0" mb="0" cb="0"/><line nr="109" mi="7" ci="0" mb="0" cb="0"/><line nr="110" mi="1" ci="0" mb="0" cb="0"/><line nr="111" mi="1" ci="0" mb="0" cb="0"/><line nr="112" mi="4" ci="0" mb="0" cb="0"/><line nr="113" mi="0" ci="1" mb="0" cb="0"/><line nr="114" mi="0" ci="1" mb="0" cb="0"/><counter type="INSTRUCTION" missed="107" covered="153"/><counter type="BRANCH" missed="11" covered="7"/><counter type="LINE" missed="24" covered="30"/><counter type="COMPLEXITY" missed="7" covered="7"/><counter type="METHOD" missed="0" covered="5"/><counter type="CLASS" missed="0" covered="1"/></sourcefile><sourcefile name="Galois.java"><line nr="12" mi="0" ci="4" mb="0" cb="0"/><line nr="13" mi="0" ci="4" mb="0" cb="0"/><line nr="15" mi="0" ci="2" mb="0" cb="0"/><line nr="16" mi="0" ci="3" mb="0" cb="0"/><line nr="17" mi="0" ci="3" mb="0" cb="0"/><line nr="18" mi="0" ci="2" mb="0" cb="0"/><line nr="19" mi="0" ci="1" mb="0" cb="0"/><line nr="22" mi="0" ci="2" mb="0" cb="0"/><line nr="23" mi="0" ci="7" mb="0" cb="2"/><line nr="24" mi="0" ci="12" mb="0" cb="0"/><line nr="25" mi="0" ci="5" mb="0" cb="0"/><line nr="26" mi="0" ci="4" mb="0" cb="0"/><line nr="27" mi="0" ci="4" mb="0" cb="2"/><line nr="28" mi="0" ci="7" mb="0" cb="0"/><line nr="31" mi="0" ci="1" mb="0" cb="0"/><line nr="34" mi="0" ci="5" mb="0" cb="0"/><line nr="38" mi="0" ci="5" mb="0" cb="0"/><line nr="42" mi="0" ci="9" mb="0" cb="0"/><line nr="46" mi="0" ci="19" mb="1" cb="3"/><line nr="50" mi="0" ci="14" mb="0" cb="2"/><line nr="54" mi="2" ci="17" mb="1" cb="1"/><line nr="58" mi="0" ci="16" mb="0" cb="2"/><line nr="62" mi="10" ci="0" mb="0" cb="0"/><line nr="66" mi="0" ci="3" mb="0" cb="0"/><line nr="67" mi="0" ci="5" mb="0" cb="0"/><line nr="68" mi="0" ci="7" mb="0" cb="2"/><line nr="69" mi="0" ci="4" mb="1" cb="1"/><line nr="70" mi="0" ci="7" mb="0" cb="0"/><line nr="71" mi="0" ci="7" mb="0" cb="0"/><line nr="72" mi="0" ci="7" mb="0" cb="2"/><line nr="73" mi="0" ci="4" mb="1" cb="1"/><line nr="74" mi="0" ci="19" mb="0" cb="0"/><line nr="79" mi="0" ci="2" mb="0" cb="0"/><line nr="83" mi="0" ci="2" mb="0" cb="0"/><line nr="84" mi="0" ci="12" mb="0" cb="2"/><line nr="85" mi="0" ci="2" mb="0" cb="0"/><line nr="86" mi="0" ci="7" mb="0" cb="2"/><line nr="87" mi="0" ci="2" mb="0" cb="2"/><line nr="88" mi="0" ci="10" mb="0" cb="0"/><line nr="90" mi="0" ci="6" mb="0" cb="0"/><line nr="92" mi="0" ci="4" mb="0" cb="0"/><line nr="93" mi="0" ci="4" mb="0" cb="0"/><line nr="95" mi="2" ci="4" mb="1" cb="1"/><line nr="99" mi="0" ci="3" mb="0" cb="0"/><line nr="100" mi="0" ci="6" mb="0" cb="0"/><line nr="101" mi="0" ci="11" mb="0" cb="2"/><line nr="102" mi="0" ci="4" mb="0" cb="0"/><line nr="103" mi="0" ci="9" mb="0" cb="2"/><line nr="104" mi="0" ci="15" mb="0" cb="0"/><line nr="106" mi="0" ci="13" mb="0" cb="0"/><line nr="108" mi="0" ci="2" mb="0" cb="0"/><line nr="112" mi="0" ci="2" mb="0" cb="0"/><line nr="113" mi="0" ci="4" mb="0" cb="0"/><line nr="114" mi="0" ci="8" mb="0" cb="2"/><line nr="115" mi="0" ci="9" mb="0" cb="0"/><line nr="116" mi="0" ci="6" mb="0" cb="0"/><line nr="118" mi="0" ci="3" mb="1" cb="1"/><line nr="119" mi="10" ci="0" mb="0" cb="0"/><line nr="121" mi="0" ci="2" mb="0" cb="0"/><line nr="125" mi="0" ci="5" mb="0" cb="0"/><line nr="126" mi="0" ci="6" mb="0" cb="0"/><line nr="127" mi="0" ci="2" mb="0" cb="0"/><line nr="128" mi="0" ci="4" mb="0" cb="0"/><line nr="129" mi="2" ci="5" mb="1" cb="1"/><line nr="130" mi="9" ci="0" mb="0" cb="0"/><line nr="131" mi="6" ci="0" mb="0" cb="0"/><line nr="133" mi="0" ci="2" mb="0" cb="0"/><counter type="INSTRUCTION" missed="41" covered="385"/><counter type="BRANCH" missed="7" covered="33"/><counter type="LINE" missed="4" covered="63"/><counter type="COMPLEXITY" missed="8" covered="27"/><counter type="METHOD" missed="1" covered="14"/><counter type="CLASS" missed="0" covered="1"/></sourcefile><sourcefile name="GaloisQR.java"><line nr="12" mi="0" ci="5" mb="0" cb="0"/><line nr="15" mi="0" ci="4" mb="0" cb="0"/><line nr="16" mi="0" ci="1" mb="0" cb="0"/><line nr="19" mi="0" ci="2" mb="0" cb="0"/><counter type="INSTRUCTION" missed="0" covered="12"/><counter type="LINE" missed="0" covered="4"/><counter type="COMPLEXITY" missed="0" covered="3"/><counter type="METHOD" missed="0" covered="3"/><counter type="CLASS" missed="0" covered="1"/></sourcefile><sourcefile name="EncoderRS.java"><line nr="30" mi="0" ci="2" mb="0" cb="0"/><line nr="31" mi="0" ci="3" mb="0" cb="0"/><line nr="32" mi="0" ci="3" mb="0" cb="0"/><line nr="33" mi="0" ci="7" mb="0" cb="0"/><line nr="34" mi="0" ci="7" mb="0" cb="0"/><line nr="36" mi="5" ci="0" mb="0" cb="0"/><line nr="37" mi="6" ci="0" mb="0" cb="0"/><line nr="38" mi="7" ci="0" mb="0" cb="0"/><line nr="39" mi="10" ci="0" mb="2" cb="0"/><line nr="40" mi="7" ci="0" mb="0" cb="0"/><line nr="41" mi="6" ci="0" mb="0" cb="0"/><line nr="43" mi="0" ci="1" mb="0" cb="0"/><line nr="44" mi="0" ci="4" mb="0" cb="0"/><line nr="45" mi="1" ci="0" mb="0" cb="0"/><line nr="46" mi="0" ci="1" mb="0" cb="0"/><line nr="58" mi="0" ci="4" mb="0" cb="0"/><line nr="60" mi="0" ci="7" mb="0" cb="0"/><line nr="61" mi="9" ci="0" mb="2" cb="0"/><line nr="62" mi="3" ci="0" mb="0" cb="0"/><line nr="63" mi="7" ci="0" mb="0" cb="0"/><line nr="64" mi="2" ci="0" mb="0" cb="0"/><line nr="65" mi="5" ci="0" mb="0" cb="0"/><line nr="66" mi="2" ci="0" mb="0" cb="0"/><line nr="67" mi="3" ci="0" mb="0" cb="0"/><line nr="68" mi="11" ci="0" mb="2" cb="0"/><line nr="69" mi="8" ci="0" mb="0" cb="0"/><line nr="71" mi="4" ci="0" mb="0" cb="0"/><line nr="72" mi="1" ci="0" mb="0" cb="0"/><line nr="75" mi="0" ci="1" mb="0" cb="0"/><line nr="76" mi="0" ci="4" mb="0" cb="0"/><line nr="77" mi="1" ci="0" mb="0" cb="0"/><line nr="79" mi="0" ci="1" mb="0" cb="0"/><line nr="82" mi="0" ci="3" mb="0" cb="0"/><counter type="INSTRUCTION" missed="98" covered="48"/><counter type="BRANCH" missed="6" covered="0"/><counter type="LINE" missed="19" covered="14"/><counter type="COMPLEXITY" missed="3" covered="3"/><counter type="METHOD" missed="0" covered="3"/><counter type="CLASS" missed="0" covered="1"/></sourcefile><sourcefile name="GaloisDM.java"><line nr="12" mi="5" ci="0" mb="0" cb="0"/><line nr="15" mi="4" ci="0" mb="0" cb="0"/><line nr="16" mi="1" ci="0" mb="0" cb="0"/><line nr="19" mi="2" ci="0" mb="0" cb="0"/><counter type="INSTRUCTION" missed="12" covered="0"/><counter type="LINE" missed="4" covered="0"/><counter type="COMPLEXITY" missed="3" covered="0"/><counter type="METHOD" missed="3" covered="0"/><counter type="CLASS" missed="1" covered="0"/></sourcefile><sourcefile name="RsEncode.java"><line nr="14" mi="2" ci="0" mb="0" cb="0"/><line nr="15" mi="3" ci="0" mb="0" cb="0"/><line nr="16" mi="3" ci="0" mb="0" cb="0"/><line nr="17" mi="5" ci="0" mb="4" cb="0"/><line nr="18" mi="5" ci="0" mb="0" cb="0"/><line nr="20" mi="5" ci="0" mb="0" cb="0"/><line nr="21" mi="1" ci="0" mb="0" cb="0"/><line nr="23" mi="0" ci="2" mb="0" cb="0"/><line nr="24" mi="0" ci="3" mb="0" cb="0"/><line nr="25" mi="0" ci="3" mb="0" cb="0"/><line nr="26" mi="0" ci="5" mb="2" cb="2"/><line nr="27" mi="5" ci="0" mb="0" cb="0"/><line nr="29" mi="0" ci="6" mb="0" cb="0"/><line nr="30" mi="0" ci="1" mb="0" cb="0"/><line nr="33" mi="0" ci="8" mb="2" cb="2"/><line nr="34" mi="12" ci="0" mb="0" cb="0"/><line nr="36" mi="0" ci="4" mb="0" cb="0"/><line nr="38" mi="0" ci="7" mb="0" cb="2"/><line nr="39" mi="0" ci="4" mb="0" cb="0"/><line nr="40" mi="0" ci="6" mb="0" cb="0"/><line nr="41" mi="0" ci="10" mb="0" cb="2"/><line nr="42" mi="0" ci="17" mb="0" cb="0"/><line nr="44" mi="0" ci="17" mb="0" cb="0"/><line nr="46" mi="0" ci="2" mb="1" cb="1"/><line nr="47" mi="0" ci="7" mb="0" cb="0"/><line nr="49" mi="0" ci="2" mb="0" cb="0"/><line nr="53" mi="7" ci="0" mb="0" cb="0"/><line nr="57" mi="8" ci="0" mb="0" cb="0"/><line nr="61" mi="0" ci="7" mb="0" cb="0"/><line nr="65" mi="0" ci="9" mb="0" cb="0"/><counter type="INSTRUCTION" missed="56" covered="120"/><counter type="BRANCH" missed="9" covered="9"/><counter type="LINE" missed="11" covered="19"/><counter type="COMPLEXITY" missed="10" covered="6"/><counter type="METHOD" missed="3" covered="4"/><counter type="CLASS" missed="0" covered="1"/></sourcefile><sourcefile name="RsDecode.java"><line nr="11" mi="3" ci="3" mb="0" cb="0"/><line nr="14" mi="2" ci="0" mb="0" cb="0"/><line nr="15" mi="3" ci="0" mb="0" cb="0"/><line nr="16" mi="3" ci="0" mb="0" cb="0"/><line nr="17" mi="5" ci="0" mb="4" cb="0"/><line nr="18" mi="5" ci="0" mb="0" cb="0"/><line nr="20" mi="1" ci="0" mb="0" cb="0"/><line nr="22" mi="0" ci="2" mb="0" cb="0"/><line nr="23" mi="0" ci="3" mb="0" cb="0"/><line nr="24" mi="0" ci="3" mb="0" cb="0"/><line nr="25" mi="0" ci="5" mb="2" cb="2"/><line nr="26" mi="5" ci="0" mb="0" cb="0"/><line nr="28" mi="0" ci="1" mb="0" cb="0"/><line nr="42" mi="0" ci="6" mb="0" cb="0"/><line nr="43" mi="0" ci="6" mb="0" cb="0"/><line nr="44" mi="0" ci="6" mb="0" cb="0"/><line nr="45" mi="0" ci="4" mb="0" cb="0"/><line nr="46" mi="0" ci="4" mb="0" cb="0"/><line nr="47" mi="0" ci="2" mb="0" cb="0"/><line nr="48" mi="0" ci="2" mb="0" cb="0"/><line nr="49" mi="0" ci="2" mb="0" cb="0"/><line nr="51" mi="0" ci="8" mb="0" cb="2"/><line nr="52" mi="0" ci="4" mb="0" cb="0"/><line nr="53" mi="0" ci="7" mb="0" cb="2"/><line nr="54" mi="0" ci="14" mb="0" cb="0"/><line nr="56" mi="0" ci="2" mb="1" cb="1"/><line nr="57" mi="0" ci="5" mb="0" cb="0"/><line nr="58" mi="0" ci="7" mb="0" cb="2"/><line nr="59" mi="0" ci="14" mb="0" cb="0"/><line nr="61" mi="0" ci="4" mb="0" cb="0"/><line nr="62" mi="0" ci="3" mb="0" cb="2"/><line nr="63" mi="0" ci="7" mb="0" cb="2"/><line nr="64" mi="0" ci="10" mb="0" cb="0"/><line nr="66" mi="0" ci="4" mb="0" cb="0"/><line nr="67" mi="0" ci="2" mb="0" cb="0"/><line nr="68" mi="0" ci="2" mb="0" cb="0"/><line nr="70" mi="0" ci="2" mb="0" cb="0"/><line nr="71" mi="0" ci="2" mb="0" cb="0"/><line nr="72" mi="0" ci="2" mb="0" cb="0"/><line nr="74" mi="0" ci="6" mb="0" cb="0"/><line nr="75" mi="0" ci="4" mb="0" cb="0"/><line nr="76" mi="0" ci="1" mb="0" cb="0"/><line nr="78" mi="0" ci="4" mb="1" cb="1"/><line nr="79" mi="2" ci="0" mb="0" cb="0"/><line nr="81" mi="0" ci="5" mb="0" cb="0"/><line nr="82" mi="0" ci="8" mb="0" cb="0"/><line nr="83" mi="0" ci="2" mb="0" cb="0"/><line nr="87" mi="0" ci="7" mb="1" cb="1"/><line nr="88" mi="0" ci="5" mb="0" cb="0"/><line nr="89" mi="0" ci="4" mb="0" cb="0"/><line nr="90" mi="0" ci="7" mb="0" cb="2"/><line nr="91" mi="0" ci="5" mb="0" cb="0"/><line nr="92" mi="0" ci="6" mb="2" cb="2"/><line nr="93" mi="2" ci="0" mb="0" cb="0"/><line nr="95" mi="0" ci="11" mb="0" cb="0"/><line nr="98" mi="2" ci="0" mb="0" cb="0"/><line nr="113" mi="0" ci="5" mb="0" cb="0"/><line nr="114" mi="0" ci="4" mb="0" cb="0"/><line nr="115" mi="0" ci="4" mb="0" cb="0"/><line nr="116" mi="0" ci="3" mb="1" cb="1"/><line nr="117" mi="6" ci="0" mb="2" cb="0"/><line nr="118" mi="2" ci="0" mb="0" cb="0"/><line nr="120" mi="7" ci="0" mb="0" cb="0"/><line nr="122" mi="0" ci="3" mb="1" cb="1"/><line nr="123" mi="0" ci="7" mb="0" cb="0"/><line nr="126" mi="3" ci="0" mb="0" cb="0"/><line nr="127" mi="4" ci="0" mb="0" cb="0"/><line nr="128" mi="10" ci="0" mb="2" cb="0"/><line nr="129" mi="2" ci="0" mb="0" cb="0"/><line nr="130" mi="15" ci="0" mb="2" cb="0"/><line nr="131" mi="10" ci="0" mb="0" cb="0"/><line nr="133" mi="2" ci="0" mb="2" cb="0"/><line nr="134" mi="5" ci="0" mb="0" cb="0"/><line nr="135" mi="4" ci="0" mb="0" cb="0"/><line nr="136" mi="6" ci="0" mb="0" cb="0"/><line nr="137" mi="5" ci="0" mb="0" cb="0"/><line nr="138" mi="3" ci="0" mb="2" cb="0"/><line nr="139" mi="9" ci="0" mb="0" cb="0"/><line nr="140" mi="2" ci="0" mb="2" cb="0"/><line nr="141" mi="2" ci="0" mb="0" cb="0"/><line nr="143" mi="6" ci="0" mb="0" cb="0"/><line nr="144" mi="6" ci="0" mb="0" cb="0"/><line nr="145" mi="2" ci="0" mb="0" cb="0"/><line nr="149" mi="2" ci="0" mb="0" cb="0"/><line nr="165" mi="0" ci="16" mb="0" cb="2"/><line nr="166" mi="0" ci="7" mb="0" cb="0"/><line nr="167" mi="0" ci="6" mb="0" cb="0"/><line nr="168" mi="0" ci="6" mb="0" cb="0"/><line nr="169" mi="0" ci="19" mb="0" cb="0"/><line nr="171" mi="0" ci="1" mb="0" cb="0"/><line nr="188" mi="0" ci="7" mb="2" cb="2"/><line nr="189" mi="12" ci="0" mb="0" cb="0"/><line nr="191" mi="0" ci="4" mb="0" cb="0"/><line nr="192" mi="0" ci="7" mb="1" cb="1"/><line nr="193" mi="2" ci="0" mb="0" cb="0"/><line nr="196" mi="0" ci="4" mb="0" cb="0"/><line nr="197" mi="0" ci="2" mb="1" cb="1"/><line nr="198" mi="2" ci="0" mb="0" cb="0"/><line nr="201" mi="0" ci="5" mb="0" cb="0"/><line nr="202" mi="0" ci="2" mb="1" cb="1"/><line nr="203" mi="2" ci="0" mb="0" cb="0"/><line nr="206" mi="0" ci="2" mb="1" cb="1"/><line nr="207" mi="0" ci="10" mb="0" cb="0"/><line nr="208" mi="0" ci="7" mb="0" cb="0"/><line nr="210" mi="0" ci="5" mb="0" cb="0"/><line nr="214" mi="6" ci="0" mb="0" cb="0"/><line nr="218" mi="7" ci="0" mb="0" cb="0"/><line nr="222" mi="0" ci="7" mb="0" cb="0"/><counter type="INSTRUCTION" missed="177" covered="366"/><counter type="BRANCH" missed="31" covered="29"/><counter type="LINE" missed="38" covered="70"/><counter type="COMPLEXITY" missed="26" covered="14"/><counter type="METHOD" missed="3" covered="7"/><counter type="CLASS" missed="0" covered="1"/></sourcefile><counter type="INSTRUCTION" missed="491" covered="1084"/><counter type="BRANCH" missed="64" covered="78"/><counter type="LINE" missed="100" covered="200"/><counter type="COMPLEXITY" missed="57" covered="60"/><counter type="METHOD" missed="10" covered="36"/><counter type="CLASS" missed="1" covered="6"/></package><package name="util"><class name="util/Utils"><method name="&lt;init&gt;" desc="()V" line="15"><counter type="INSTRUCTION" missed="3" covered="0"/><counter type="LINE" missed="1" covered="0"/><counter type="COMPLEXITY" missed="1" covered="0"/><counter type="METHOD" missed="1" covered="0"/></method><method name="printMatrix" desc="([[I)V" line="25"><counter type="INSTRUCTION" missed="57" covered="0"/><counter type="BRANCH" missed="4" covered="0"/><counter type="LINE" missed="12" covered="0"/><counter type="COMPLEXITY" missed="3" covered="0"/><counter type="METHOD" missed="1" covered="0"/></method><method name="printMatrix" desc="([I)V" line="52"><counter type="INSTRUCTION" missed="17" covered="0"/><counter type="LINE" missed="7" covered="0"/><counter type="COMPLEXITY" missed="1" covered="0"/><counter type="METHOD" missed="1" covered="0"/></method><method name="getAvailableMemory" desc="()J" line="70"><counter type="INSTRUCTION" missed="21" covered="0"/><counter type="LINE" missed="7" covered="0"/><counter type="COMPLEXITY" missed="1" covered="0"/><counter type="METHOD" missed="1" covered="0"/></method><method name="intsToBytes" desc="([I)[B" line="87"><counter type="INSTRUCTION" missed="0" covered="21"/><counter type="BRANCH" missed="0" covered="2"/><counter type="LINE" missed="0" covered="4"/><counter type="COMPLEXITY" missed="0" covered="2"/><counter type="METHOD" missed="0" covered="1"/></method><method name="bytesToInts" desc="([B)[I" line="104"><counter type="INSTRUCTION" missed="0" covered="22"/><counter type="BRANCH" missed="0" covered="2"/><counter type="LINE" missed="0" covered="4"/><counter type="COMPLEXITY" missed="0" covered="2"/><counter type="METHOD" missed="0" covered="1"/></method><method name="transposeMatrix" desc="([[I)[[I" line="123"><counter type="INSTRUCTION" missed="0" covered="38"/><counter type="BRANCH" missed="0" covered="4"/><counter type="LINE" missed="0" covered="5"/><counter type="COMPLEXITY" missed="0" covered="3"/><counter type="METHOD" missed="0" covered="1"/></method><method name="partOfMatrix" desc="([[IIIII)[[I" line="145"><counter type="INSTRUCTION" missed="26" covered="0"/><counter type="BRANCH" missed="2" covered="0"/><counter type="LINE" missed="4" covered="0"/><counter type="COMPLEXITY" missed="2" covered="0"/><counter type="METHOD" missed="1" covered="0"/></method><method name="partOfMatrix" desc="([[I[I)[[I" line="162"><counter type="INSTRUCTION" missed="8" covered="35"/><counter type="BRANCH" missed="0" covered="2"/><counter type="LINE" missed="3" covered="6"/><counter type="COMPLEXITY" missed="0" covered="2"/><counter type="METHOD" missed="0" covered="1"/></method><method name="partOfArray" desc="([I[I)[I" line="185"><counter type="INSTRUCTION" missed="0" covered="35"/><counter type="BRANCH" missed="1" covered="3"/><counter type="LINE" missed="0" covered="6"/><counter type="COMPLEXITY" missed="1" covered="2"/><counter type="METHOD" missed="0" covered="1"/></method><method name="removeNulls" desc="([B)[B" line="198"><counter type="INSTRUCTION" missed="27" covered="0"/><counter type="BRANCH" missed="4" covered="0"/><counter type="LINE" missed="9" covered="0"/><counter type="COMPLEXITY" missed="3" covered="0"/><counter type="METHOD" missed="1" covered="0"/></method><counter type="INSTRUCTION" missed="159" covered="151"/><counter type="BRANCH" missed="11" covered="13"/><counter type="LINE" missed="43" covered="25"/><counter type="COMPLEXITY" missed="12" covered="11"/><counter type="METHOD" missed="6" covered="5"/><counter type="CLASS" missed="0" covered="1"/></class><class name="util/GaloisField"><method name="getInstance" desc="(II)Lutil/GaloisField;" line="39"><counter type="INSTRUCTION" missed="5" covered="39"/><counter type="BRANCH" missed="0" covered="2"/><counter type="LINE" missed="0" covered="8"/><counter type="COMPLEXITY" missed="0" covered="2"/><counter type="METHOD" missed="0" covered="1"/></method><method name="getInstance" desc="()Lutil/GaloisField;" line="55"><counter type="INSTRUCTION" missed="0" covered="4"/><counter type="LINE" missed="0" covered="1"/><counter type="COMPLEXITY" missed="0" covered="1"/><counter type="METHOD" missed="0" covered="1"/></method><method name="&lt;init&gt;" desc="(II)V" line="58"><counter type="INSTRUCTION" missed="8" covered="227"/><counter type="BRANCH" missed="4" covered="34"/><counter type="LINE" missed="0" covered="43"/><counter type="COMPLEXITY" missed="4" covered="16"/><counter type="METHOD" missed="0" covered="1"/></method><method name="getFieldSize" desc="()I" line="128"><counter type="INSTRUCTION" missed="0" covered="3"/><counter type="LINE" missed="0" covered="1"/><counter type="COMPLEXITY" missed="0" covered="1"/><counter type="METHOD" missed="0" covered="1"/></method><method name="getPrimitivePolynomial" desc="()I" line="137"><counter type="INSTRUCTION" missed="3" covered="0"/><counter type="LINE" missed="1" covered="0"/><counter type="COMPLEXITY" missed="1" covered="0"/><counter type="METHOD" missed="1" covered="0"/></method><method name="add" desc="(II)I" line="148"><counter type="INSTRUCTION" missed="4" covered="18"/><counter type="BRANCH" missed="5" covered="5"/><counter type="LINE" missed="0" covered="2"/><counter type="COMPLEXITY" missed="5" covered="1"/><counter type="METHOD" missed="0" covered="1"/></method><method name="multiply" desc="(II)I" line="160"><counter type="INSTRUCTION" missed="4" covered="21"/><counter type="BRANCH" missed="5" covered="5"/><counter type="LINE" missed="0" covered="2"/><counter type="COMPLEXITY" missed="5" covered="1"/><counter type="METHOD" missed="0" covered="1"/></method><method name="divide" desc="(II)I" line="172"><counter type="INSTRUCTION" missed="25" covered="0"/><counter type="BRANCH" missed="10" covered="0"/><counter type="LINE" missed="2" covered="0"/><counter type="COMPLEXITY" missed="6" covered="0"/><counter type="METHOD" missed="1" covered="0"/></method><method name="power" desc="(II)I" line="184"><counter type="INSTRUCTION" missed="16" covered="30"/><counter type="BRANCH" missed="5" covered="7"/><counter type="LINE" missed="3" covered="7"/><counter type="COMPLEXITY" missed="5" covered="2"/><counter type="METHOD" missed="0" covered="1"/></method><method name="solveVandermondeSystem" desc="([I[I)V" line="208"><counter type="INSTRUCTION" missed="7" covered="0"/><counter type="LINE" missed="2" covered="0"/><counter type="COMPLEXITY" missed="1" covered="0"/><counter type="METHOD" missed="1" covered="0"/></method><method name="solveVandermondeSystem" desc="([I[II)V" line="221"><counter type="INSTRUCTION" missed="111" covered="0"/><counter type="BRANCH" missed="16" covered="0"/><counter type="LINE" missed="10" covered="0"/><counter type="COMPLEXITY" missed="9" covered="0"/><counter type="METHOD" missed="1" covered="0"/></method><method name="vandermondeInverse" desc="([I)[[I" line="244"><counter type="INSTRUCTION" missed="0" covered="184"/><counter type="BRANCH" missed="0" covered="16"/><counter type="LINE" missed="0" covered="20"/><counter type="COMPLEXITY" missed="0" covered="9"/><counter type="METHOD" missed="0" covered="1"/></method><method name="multiply" desc="([I[I)[I" line="288"><counter type="INSTRUCTION" missed="60" covered="0"/><counter type="BRANCH" missed="6" covered="0"/><counter type="LINE" missed="8" covered="0"/><counter type="COMPLEXITY" missed="4" covered="0"/><counter type="METHOD" missed="1" covered="0"/></method><method name="remainder" desc="([I[I)V" line="311"><counter type="INSTRUCTION" missed="57" covered="0"/><counter type="BRANCH" missed="4" covered="0"/><counter type="LINE" missed="6" covered="0"/><counter type="COMPLEXITY" missed="3" covered="0"/><counter type="METHOD" missed="1" covered="0"/></method><method name="add" desc="([I[I)[I" line="331"><counter type="INSTRUCTION" missed="55" covered="0"/><counter type="BRANCH" missed="8" covered="0"/><counter type="LINE" missed="9" covered="0"/><counter type="COMPLEXITY" missed="5" covered="0"/><counter type="METHOD" missed="1" covered="0"/></method><method name="substitute" desc="([II)I" line="353"><counter type="INSTRUCTION" missed="32" covered="0"/><counter type="BRANCH" missed="2" covered="0"/><counter type="LINE" missed="6" covered="0"/><counter type="COMPLEXITY" missed="2" covered="0"/><counter type="METHOD" missed="1" covered="0"/></method><method name="multiplyMatrix" desc="([[I[[I)[[I" line="372"><counter type="INSTRUCTION" missed="13" covered="74"/><counter type="BRANCH" missed="1" covered="7"/><counter type="LINE" missed="4" covered="15"/><counter type="COMPLEXITY" missed="1" covered="4"/><counter type="METHOD" missed="0" covered="1"/></method><method name="multiplyMatrix" desc="([[I[I)[I" line="412"><counter type="INSTRUCTION" missed="0" covered="31"/><counter type="BRANCH" missed="0" covered="2"/><counter type="LINE" missed="0" covered="4"/><counter type="COMPLEXITY" missed="0" covered="2"/><counter type="METHOD" missed="0" covered="1"/></method><method name="&lt;clinit&gt;" desc="()V" line="14"><counter type="INSTRUCTION" missed="2" covered="10"/><counter type="BRANCH" missed="1" covered="1"/><counter type="LINE" missed="0" covered="2"/><counter type="COMPLEXITY" missed="1" covered="1"/><counter type="METHOD" missed="0" covered="1"/></method><counter type="INSTRUCTION" missed="402" covered="641"/><counter type="BRANCH" missed="67" covered="79"/><counter type="LINE" missed="51" covered="105"/><counter type="COMPLEXITY" missed="52" covered="40"/><counter type="METHOD" missed="8" covered="11"/><counter type="CLASS" missed="0" covered="1"/></class><class name="util/Monitor"><method name="&lt;init&gt;" desc="()V" line="11"><counter type="INSTRUCTION" missed="0" covered="21"/><counter type="LINE" missed="0" covered="7"/><counter type="COMPLEXITY" missed="0" covered="1"/><counter type="METHOD" missed="0" covered="1"/></method><method name="getInstance" desc="()Lutil/Monitor;" line="24"><counter type="INSTRUCTION" missed="0" covered="8"/><counter type="BRANCH" missed="0" covered="2"/><counter type="LINE" missed="0" covered="3"/><counter type="COMPLEXITY" missed="0" covered="2"/><counter type="METHOD" missed="0" covered="1"/></method><method name="setStartTime" desc="()Z" line="30"><counter type="INSTRUCTION" missed="13" covered="0"/><counter type="BRANCH" missed="2" covered="0"/><counter type="LINE" missed="5" covered="0"/><counter type="COMPLEXITY" missed="2" covered="0"/><counter type="METHOD" missed="1" covered="0"/></method><method name="getElapsedTime" desc="()J" line="40"><counter type="INSTRUCTION" missed="15" covered="0"/><counter type="BRANCH" missed="2" covered="0"/><counter type="LINE" missed="5" covered="0"/><counter type="COMPLEXITY" missed="2" covered="0"/><counter type="METHOD" missed="1" covered="0"/></method><method name="getTimeToEncode" desc="()D" line="50"><counter type="INSTRUCTION" missed="0" covered="4"/><counter type="LINE" missed="0" covered="1"/><counter type="COMPLEXITY" missed="0" covered="1"/><counter type="METHOD" missed="0" covered="1"/></method><method name="startTimeToEncode" desc="()V" line="54"><counter type="INSTRUCTION" missed="4" covered="0"/><counter type="LINE" missed="2" covered="0"/><counter type="COMPLEXITY" missed="1" covered="0"/><counter type="METHOD" missed="1" covered="0"/></method><method name="stopTimeToEncode" desc="()V" line="58"><counter type="INSTRUCTION" missed="8" covered="0"/><counter type="LINE" missed="2" covered="0"/><counter type="COMPLEXITY" missed="1" covered="0"/><counter type="METHOD" missed="1" covered="0"/></method><method name="getTimeToDecode" desc="()D" line="63"><counter type="INSTRUCTION" missed="0" covered="4"/><counter type="LINE" missed="0" covered="1"/><counter type="COMPLEXITY" missed="0" covered="1"/><counter type="METHOD" missed="0" covered="1"/></method><method name="startTimeToDecode" desc="()V" line="67"><counter type="INSTRUCTION" missed="4" covered="0"/><counter type="LINE" missed="2" covered="0"/><counter type="COMPLEXITY" missed="1" covered="0"/><counter type="METHOD" missed="1" covered="0"/></method><method name="stopTimeToDecode" desc="()V" line="71"><counter type="INSTRUCTION" missed="8" covered="0"/><counter type="LINE" missed="2" covered="0"/><counter type="COMPLEXITY" missed="1" covered="0"/><counter type="METHOD" missed="1" covered="0"/></method><method name="getTimeToRead" desc="()D" line="75"><counter type="INSTRUCTION" missed="4" covered="0"/><counter type="LINE" missed="1" covered="0"/><counter type="COMPLEXITY" missed="1" covered="0"/><counter type="METHOD" missed="1" covered="0"/></method><method name="startTimeToRead" desc="()V" line="79"><counter type="INSTRUCTION" missed="4" covered="0"/><counter type="LINE" missed="2" covered="0"/><counter type="COMPLEXITY" missed="1" covered="0"/><counter type="METHOD" missed="1" covered="0"/></method><method name="stopTimeToRead" desc="()V" line="83"><counter type="INSTRUCTION" missed="8" covered="0"/><counter type="LINE" missed="2" covered="0"/><counter type="COMPLEXITY" missed="1" covered="0"/><counter type="METHOD" missed="1" covered="0"/></method><method name="getTimeToWrite" desc="()D" line="87"><counter type="INSTRUCTION" missed="4" covered="0"/><counter type="LINE" missed="1" covered="0"/><counter type="COMPLEXITY" missed="1" covered="0"/><counter type="METHOD" missed="1" covered="0"/></method><method name="startTimeToWrite" desc="()V" line="91"><counter type="INSTRUCTION" missed="4" covered="0"/><counter type="LINE" missed="2" covered="0"/><counter type="COMPLEXITY" missed="1" covered="0"/><counter type="METHOD" missed="1" covered="0"/></method><method name="stopTimeToWrite" desc="()V" line="95"><counter type="INSTRUCTION" missed="8" covered="0"/><counter type="LINE" missed="2" covered="0"/><counter type="COMPLEXITY" missed="1" covered="0"/><counter type="METHOD" missed="1" covered="0"/></method><method name="getTimeTotal" desc="()J" line="99"><counter type="INSTRUCTION" missed="12" covered="0"/><counter type="LINE" missed="1" covered="0"/><counter type="COMPLEXITY" missed="1" covered="0"/><counter type="METHOD" missed="1" covered="0"/></method><counter type="INSTRUCTION" missed="96" covered="37"/><counter type="BRANCH" missed="4" covered="2"/><counter type="LINE" missed="29" covered="12"/><counter type="COMPLEXITY" missed="15" covered="5"/><counter type="METHOD" missed="13" covered="4"/><counter type="CLASS" missed="0" covered="1"/></class><sourcefile name="GaloisField.java"><line nr="14" mi="2" ci="5" mb="1" cb="1"/><line nr="28" mi="0" ci="5" mb="0" cb="0"/><line nr="39" mi="0" ci="10" mb="0" cb="0"/><line nr="41" mi="0" ci="4" mb="0" cb="0"/><line nr="42" mi="0" ci="6" mb="0" cb="0"/><line nr="43" mi="0" ci="2" mb="0" cb="2"/><line nr="44" mi="0" ci="6" mb="0" cb="0"/><line nr="45" mi="0" ci="6" mb="0" cb="0"/><line nr="47" mi="5" ci="3" mb="0" cb="0"/><line nr="48" mi="0" ci="2" mb="0" cb="0"/><line nr="55" mi="0" ci="4" mb="0" cb="0"/><line nr="58" mi="0" ci="2" mb="0" cb="0"/><line nr="59" mi="4" ci="4" mb="2" cb="2"/><line nr="60" mi="4" ci="4" mb="2" cb="2"/><line nr="62" mi="0" ci="3" mb="0" cb="0"/><line nr="63" mi="0" ci="5" mb="0" cb="0"/><line nr="64" mi="0" ci="3" mb="0" cb="0"/><line nr="65" mi="0" ci="4" mb="0" cb="0"/><line nr="66" mi="0" ci="4" mb="0" cb="0"/><line nr="67" mi="0" ci="5" mb="0" cb="0"/><line nr="68" mi="0" ci="5" mb="0" cb="0"/><line nr="69" mi="0" ci="4" mb="0" cb="0"/><line nr="70" mi="0" ci="2" mb="0" cb="0"/><line nr="71" mi="0" ci="9" mb="0" cb="2"/><line nr="72" mi="0" ci="5" mb="0" cb="0"/><line nr="73" mi="0" ci="5" mb="0" cb="0"/><line nr="74" mi="0" ci="4" mb="0" cb="0"/><line nr="75" mi="0" ci="3" mb="0" cb="2"/><line nr="76" mi="0" ci="4" mb="0" cb="0"/><line nr="80" mi="0" ci="7" mb="0" cb="2"/><line nr="81" mi="0" ci="7" mb="0" cb="2"/><line nr="82" mi="0" ci="4" mb="0" cb="4"/><line nr="83" mi="0" ci="7" mb="0" cb="0"/><line nr="84" mi="0" ci="1" mb="0" cb="0"/><line nr="86" mi="0" ci="10" mb="0" cb="0"/><line nr="87" mi="0" ci="11" mb="0" cb="2"/><line nr="88" mi="0" ci="5" mb="0" cb="0"/><line nr="89" mi="0" ci="7" mb="0" cb="0"/><line nr="93" mi="0" ci="7" mb="0" cb="2"/><line nr="94" mi="0" ci="7" mb="0" cb="2"/><line nr="95" mi="0" ci="2" mb="0" cb="2"/><line nr="96" mi="0" ci="7" mb="0" cb="0"/><line nr="97" mi="0" ci="1" mb="0" cb="0"/><line nr="99" mi="0" ci="10" mb="0" cb="0"/><line nr="100" mi="0" ci="9" mb="0" cb="2"/><line nr="101" mi="0" ci="5" mb="0" cb="0"/><line nr="102" mi="0" ci="7" mb="0" cb="0"/><line nr="107" mi="0" ci="7" mb="0" cb="2"/><line nr="109" mi="0" ci="5" mb="0" cb="2"/><line nr="111" mi="0" ci="7" mb="0" cb="2"/><line nr="113" mi="0" ci="8" mb="0" cb="2"/><line nr="114" mi="0" ci="5" mb="0" cb="0"/><line nr="115" mi="0" ci="5" mb="0" cb="0"/><line nr="120" mi="0" ci="1" mb="0" cb="0"/><line nr="128" mi="0" ci="3" mb="0" cb="0"/><line nr="137" mi="3" ci="0" mb="0" cb="0"/><line nr="148" mi="4" ci="14" mb="5" cb="5"/><line nr="149" mi="0" ci="4" mb="0" cb="0"/><line nr="160" mi="4" ci="14" mb="5" cb="5"/><line nr="161" mi="0" ci="7" mb="0" cb="0"/><line nr="172" mi="18" ci="0" mb="10" cb="0"/><line nr="173" mi="7" ci="0" mb="0" cb="0"/><line nr="184" mi="4" ci="8" mb="3" cb="3"/><line nr="185" mi="0" ci="2" mb="0" cb="2"/><line nr="186" mi="0" ci="2" mb="0" cb="0"/><line nr="188" mi="0" ci="2" mb="1" cb="1"/><line nr="189" mi="2" ci="0" mb="0" cb="0"/><line nr="191" mi="0" ci="7" mb="0" cb="0"/><line nr="192" mi="0" ci="4" mb="1" cb="1"/><line nr="193" mi="0" ci="5" mb="0" cb="0"/><line nr="195" mi="5" ci="0" mb="0" cb="0"/><line nr="196" mi="5" ci="0" mb="0" cb="0"/><line nr="208" mi="6" ci="0" mb="0" cb="0"/><line nr="209" mi="1" ci="0" mb="0" cb="0"/><line nr="221" mi="14" ci="0" mb="6" cb="0"/><line nr="222" mi="9" ci="0" mb="2" cb="0"/><line nr="223" mi="9" ci="0" mb="2" cb="0"/><line nr="224" mi="19" ci="0" mb="0" cb="0"/><line nr="227" mi="8" ci="0" mb="2" cb="0"/><line nr="228" mi="9" ci="0" mb="2" cb="0"/><line nr="229" mi="21" ci="0" mb="0" cb="0"/><line nr="231" mi="9" ci="0" mb="2" cb="0"/><line nr="232" mi="12" ci="0" mb="0" cb="0"/><line nr="235" mi="1" ci="0" mb="0" cb="0"/><line nr="244" mi="0" ci="3" mb="0" cb="0"/><line nr="245" mi="0" ci="5" mb="0" cb="0"/><line nr="246" mi="0" ci="5" mb="0" cb="0"/><line nr="247" mi="0" ci="4" mb="0" cb="0"/><line nr="249" mi="0" ci="2" mb="0" cb="0"/><line nr="250" mi="0" ci="6" mb="0" cb="0"/><line nr="251" mi="0" ci="4" mb="0" cb="0"/><line nr="253" mi="0" ci="7" mb="0" cb="2"/><line nr="254" mi="0" ci="9" mb="0" cb="2"/><line nr="255" mi="0" ci="27" mb="0" cb="4"/><line nr="257" mi="0" ci="8" mb="0" cb="0"/><line nr="260" mi="0" ci="7" mb="0" cb="2"/><line nr="261" mi="0" ci="4" mb="0" cb="0"/><line nr="262" mi="0" ci="10" mb="0" cb="0"/><line nr="263" mi="0" ci="4" mb="0" cb="0"/><line nr="265" mi="0" ci="14" mb="0" cb="2"/><line nr="266" mi="0" ci="24" mb="0" cb="0"/><line nr="267" mi="0" ci="16" mb="0" cb="2"/><line nr="271" mi="0" ci="23" mb="0" cb="2"/><line nr="275" mi="0" ci="2" mb="0" cb="0"/><line nr="288" mi="8" ci="0" mb="0" cb="0"/><line nr="289" mi="3" ci="0" mb="0" cb="0"/><line nr="290" mi="7" ci="0" mb="2" cb="0"/><line nr="291" mi="4" ci="0" mb="0" cb="0"/><line nr="293" mi="8" ci="0" mb="2" cb="0"/><line nr="294" mi="8" ci="0" mb="2" cb="0"/><line nr="295" mi="20" ci="0" mb="0" cb="0"/><line nr="298" mi="2" ci="0" mb="0" cb="0"/><line nr="311" mi="10" ci="0" mb="2" cb="0"/><line nr="312" mi="19" ci="0" mb="0" cb="0"/><line nr="314" mi="8" ci="0" mb="2" cb="0"/><line nr="315" mi="4" ci="0" mb="0" cb="0"/><line nr="316" mi="15" ci="0" mb="0" cb="0"/><line nr="319" mi="1" ci="0" mb="0" cb="0"/><line nr="331" mi="6" ci="0" mb="0" cb="0"/><line nr="332" mi="3" ci="0" mb="0" cb="0"/><line nr="333" mi="7" ci="0" mb="2" cb="0"/><line nr="334" mi="8" ci="0" mb="4" cb="0"/><line nr="335" mi="12" ci="0" mb="0" cb="0"/><line nr="336" mi="4" ci="0" mb="2" cb="0"/><line nr="337" mi="7" ci="0" mb="0" cb="0"/><line nr="339" mi="6" ci="0" mb="0" cb="0"/><line nr="342" mi="2" ci="0" mb="0" cb="0"/><line nr="353" mi="2" ci="0" mb="0" cb="0"/><line nr="354" mi="2" ci="0" mb="0" cb="0"/><line nr="355" mi="8" ci="0" mb="2" cb="0"/><line nr="356" mi="11" ci="0" mb="0" cb="0"/><line nr="357" mi="7" ci="0" mb="0" cb="0"/><line nr="359" mi="2" ci="0" mb="0" cb="0"/><line nr="372" mi="0" ci="3" mb="0" cb="0"/><line nr="373" mi="0" ci="3" mb="0" cb="0"/><line nr="374" mi="0" ci="5" mb="0" cb="0"/><line nr="375" mi="0" ci="5" mb="0" cb="0"/><line nr="377" mi="0" ci="2" mb="0" cb="0"/><line nr="378" mi="0" ci="3" mb="1" cb="1"/><line nr="379" mi="5" ci="0" mb="0" cb="0"/><line nr="381" mi="0" ci="4" mb="0" cb="0"/><line nr="383" mi="0" ci="7" mb="0" cb="2"/><line nr="384" mi="0" ci="7" mb="0" cb="2"/><line nr="385" mi="0" ci="7" mb="0" cb="2"/><line nr="386" mi="0" ci="13" mb="0" cb="0"/><line nr="387" mi="0" ci="5" mb="0" cb="0"/><line nr="390" mi="0" ci="6" mb="0" cb="0"/><line nr="391" mi="0" ci="2" mb="0" cb="0"/><line nr="394" mi="0" ci="2" mb="0" cb="0"/><line nr="396" mi="1" ci="0" mb="0" cb="0"/><line nr="397" mi="4" ci="0" mb="0" cb="0"/><line nr="399" mi="3" ci="0" mb="0" cb="0"/><line nr="412" mi="0" ci="5" mb="0" cb="0"/><line nr="413" mi="0" ci="16" mb="0" cb="2"/><line nr="414" mi="0" ci="5" mb="0" cb="0"/><line nr="415" mi="0" ci="5" mb="0" cb="0"/><counter type="INSTRUCTION" missed="402" covered="641"/><counter type="BRANCH" missed="67" covered="79"/><counter type="LINE" missed="51" covered="105"/><counter type="COMPLEXITY" missed="52" covered="40"/><counter type="METHOD" missed="8" covered="11"/><counter type="CLASS" missed="0" covered="1"/></sourcefile><sourcefile name="Monitor.java"><line nr="11" mi="0" ci="2" mb="0" cb="0"/><line nr="15" mi="0" ci="3" mb="0" cb="0"/><line nr="16" mi="0" ci="3" mb="0" cb="0"/><line nr="17" mi="0" ci="3" mb="0" cb="0"/><line nr="18" mi="0" ci="3" mb="0" cb="0"/><line nr="20" mi="0" ci="3" mb="0" cb="0"/><line nr="21" mi="0" ci="4" mb="0" cb="0"/><line nr="24" mi="0" ci="2" mb="0" cb="2"/><line nr="25" mi="0" ci="4" mb="0" cb="0"/><line nr="26" mi="0" ci="2" mb="0" cb="0"/><line nr="30" mi="3" ci="0" mb="2" cb="0"/><line nr="32" mi="3" ci="0" mb="0" cb="0"/><line nr="33" mi="3" ci="0" mb="0" cb="0"/><line nr="34" mi="2" ci="0" mb="0" cb="0"/><line nr="36" mi="2" ci="0" mb="0" cb="0"/><line nr="40" mi="2" ci="0" mb="0" cb="0"/><line nr="41" mi="3" ci="0" mb="2" cb="0"/><line nr="43" mi="3" ci="0" mb="0" cb="0"/><line nr="44" mi="5" ci="0" mb="0" cb="0"/><line nr="46" mi="2" ci="0" mb="0" cb="0"/><line nr="50" mi="0" ci="4" mb="0" cb="0"/><line nr="54" mi="3" ci="0" mb="0" cb="0"/><line nr="55" mi="1" ci="0" mb="0" cb="0"/><line nr="58" mi="7" ci="0" mb="0" cb="0"/><line nr="60" mi="1" ci="0" mb="0" cb="0"/><line nr="63" mi="0" ci="4" mb="0" cb="0"/><line nr="67" mi="3" ci="0" mb="0" cb="0"/><line nr="68" mi="1" ci="0" mb="0" cb="0"/><line nr="71" mi="7" ci="0" mb="0" cb="0"/><line nr="72" mi="1" ci="0" mb="0" cb="0"/><line nr="75" mi="4" ci="0" mb="0" cb="0"/><line nr="79" mi="3" ci="0" mb="0" cb="0"/><line nr="80" mi="1" ci="0" mb="0" cb="0"/><line nr="83" mi="7" ci="0" mb="0" cb="0"/><line nr="84" mi="1" ci="0" mb="0" cb="0"/><line nr="87" mi="4" ci="0" mb="0" cb="0"/><line nr="91" mi="3" ci="0" mb="0" cb="0"/><line nr="92" mi="1" ci="0" mb="0" cb="0"/><line nr="95" mi="7" ci="0" mb="0" cb="0"/><line nr="96" mi="1" ci="0" mb="0" cb="0"/><line nr="99" mi="12" ci="0" mb="0" cb="0"/><counter type="INSTRUCTION" missed="96" covered="37"/><counter type="BRANCH" missed="4" covered="2"/><counter type="LINE" missed="29" covered="12"/><counter type="COMPLEXITY" missed="15" covered="5"/><counter type="METHOD" missed="13" covered="4"/><counter type="CLASS" missed="0" covered="1"/></sourcefile><sourcefile name="Utils.java"><line nr="15" mi="3" ci="0" mb="0" cb="0"/><line nr="25" mi="3" ci="0" mb="0" cb="0"/><line nr="26" mi="5" ci="0" mb="0" cb="0"/><line nr="27" mi="2" ci="0" mb="0" cb="0"/><line nr="29" mi="7" ci="0" mb="2" cb="0"/><line nr="30" mi="7" ci="0" mb="2" cb="0"/><line nr="31" mi="15" ci="0" mb="0" cb="0"/><line nr="34" mi="10" ci="0" mb="0" cb="0"/><line nr="35" mi="2" ci="0" mb="0" cb="0"/><line nr="39" mi="1" ci="0" mb="0" cb="0"/><line nr="40" mi="3" ci="0" mb="0" cb="0"/><line nr="41" mi="1" ci="0" mb="0" cb="0"/><line nr="42" mi="1" ci="0" mb="0" cb="0"/><line nr="52" mi="5" ci="0" mb="0" cb="0"/><line nr="53" mi="4" ci="0" mb="0" cb="0"/><line nr="55" mi="2" ci="0" mb="0" cb="0"/><line nr="58" mi="1" ci="0" mb="0" cb="0"/><line nr="59" mi="3" ci="0" mb="0" cb="0"/><line nr="60" mi="1" ci="0" mb="0" cb="0"/><line nr="61" mi="1" ci="0" mb="0" cb="0"/><line nr="70" mi="2" ci="0" mb="0" cb="0"/><line nr="71" mi="3" ci="0" mb="0" cb="0"/><line nr="72" mi="3" ci="0" mb="0" cb="0"/><line nr="73" mi="3" ci="0" mb="0" cb="0"/><line nr="74" mi="4" ci="0" mb="0" cb="0"/><line nr="75" mi="4" ci="0" mb="0" cb="0"/><line nr="76" mi="2" ci="0" mb="0" cb="0"/><line nr="87" mi="0" ci="4" mb="0" cb="0"/><line nr="89" mi="0" ci="8" mb="0" cb="2"/><line nr="90" mi="0" ci="7" mb="0" cb="0"/><line nr="93" mi="0" ci="2" mb="0" cb="0"/><line nr="104" mi="0" ci="4" mb="0" cb="0"/><line nr="106" mi="0" ci="8" mb="0" cb="2"/><line nr="107" mi="0" ci="8" mb="0" cb="0"/><line nr="110" mi="0" ci="2" mb="0" cb="0"/><line nr="123" mi="0" ci="8" mb="0" cb="0"/><line nr="125" mi="0" ci="8" mb="0" cb="2"/><line nr="126" mi="0" ci="10" mb="0" cb="2"/><line nr="127" mi="0" ci="10" mb="0" cb="0"/><line nr="130" mi="0" ci="2" mb="0" cb="0"/><line nr="145" mi="4" ci="0" mb="0" cb="0"/><line nr="146" mi="9" ci="0" mb="2" cb="0"/><line nr="147" mi="11" ci="0" mb="0" cb="0"/><line nr="149" mi="2" ci="0" mb="0" cb="0"/><line nr="162" mi="0" ci="6" mb="0" cb="0"/><line nr="163" mi="0" ci="2" mb="0" cb="0"/><line nr="164" mi="0" ci="16" mb="0" cb="2"/><line nr="165" mi="0" ci="8" mb="0" cb="0"/><line nr="166" mi="0" ci="1" mb="0" cb="0"/><line nr="168" mi="0" ci="2" mb="0" cb="0"/><line nr="169" mi="1" ci="0" mb="0" cb="0"/><line nr="170" mi="4" ci="0" mb="0" cb="0"/><line nr="172" mi="3" ci="0" mb="0" cb="0"/><line nr="185" mi="0" ci="4" mb="0" cb="0"/><line nr="186" mi="0" ci="2" mb="0" cb="0"/><line nr="187" mi="0" ci="16" mb="0" cb="2"/><line nr="189" mi="0" ci="6" mb="0" cb="0"/><line nr="190" mi="0" ci="5" mb="1" cb="1"/><line nr="192" mi="0" ci="2" mb="0" cb="0"/><line nr="198" mi="2" ci="0" mb="0" cb="0"/><line nr="199" mi="5" ci="0" mb="0" cb="0"/><line nr="200" mi="4" ci="0" mb="2" cb="0"/><line nr="201" mi="1" ci="0" mb="0" cb="0"/><line nr="202" mi="2" ci="0" mb="0" cb="0"/><line nr="204" mi="2" ci="0" mb="2" cb="0"/><line nr="205" mi="7" ci="0" mb="0" cb="0"/><line nr="206" mi="2" ci="0" mb="0" cb="0"/><line nr="208" mi="2" ci="0" mb="0" cb="0"/><counter type="INSTRUCTION" missed="159" covered="151"/><counter type="BRANCH" missed="11" covered="13"/><counter type="LINE" missed="43" covered="25"/><counter type="COMPLEXITY" missed="12" covered="11"/><counter type="METHOD" missed="6" covered="5"/><counter type="CLASS" missed="0" covered="1"/></sourcefile><counter type="INSTRUCTION" missed="657" covered="829"/><counter type="BRANCH" missed="82" covered="94"/><counter type="LINE" missed="123" covered="142"/><counter type="COMPLEXITY" missed="79" covered="56"/><counter type="METHOD" missed="27" covered="20"/><counter type="CLASS" missed="0" covered="3"/></package><counter type="INSTRUCTION" missed="1755" covered="2126"/><counter type="BRANCH" missed="175" covered="179"/><counter type="LINE" missed="340" covered="403"/><counter type="COMPLEXITY" missed="158" covered="130"/><counter type="METHOD" missed="43" covered="68"/><counter type="CLASS" missed="2" covered="12"/></report>